Processing Excel data from: https://kingsacademy-my.sharepoint.com/:x:/r/perso... Error occurred: Failed to download Excel data: File is not a zip file Traceback: Traceback (most recent call last): File "/home/runner/workspace/server/ml-service.py", line 32, in download_excel_data return pd.read_excel(BytesIO(response.content), engine='openpyxl') ^^^^^^^^^^^^^^^^^^^^^^^^^^^^^^^^^^^^^^^^^^^^^^^^^^^^^^^^^^^ File "/home/runner/workspace/.pythonlibs/lib/python3.11/site-packages/pandas/io/excel/_base.py", line 495, in read_excel io = ExcelFile( ^^^^^^^^^^ File "/home/runner/workspace/.pythonlibs/lib/python3.11/site-packages/pandas/io/excel/_base.py", line 1567, in __init__ self._reader = self._engines[engine]( ^^^^^^^^^^^^^^^^^^^^^^ File "/home/runner/workspace/.pythonlibs/lib/python3.11/site-packages/pandas/io/excel/_openpyxl.py", line 553, in __init__ super().__init__( File "/home/runner/workspace/.pythonlibs/lib/python3.11/site-packages/pandas/io/excel/_base.py", line 573, in __init__ self.book = self.load_workbook(self.handles.handle, engine_kwargs) ^^^^^^^^^^^^^^^^^^^^^^^^^^^^^^^^^^^^^^^^^^^^^^^^^^^^^^ File "/home/runner/workspace/.pythonlibs/lib/python3.11/site-packages/pandas/io/excel/_openpyxl.py", line 572, in load_workbook return load_workbook( ^^^^^^^^^^^^^^ File "/home/runner/workspace/.pythonlibs/lib/python3.11/site-packages/openpyxl/reader/excel.py", line 346, in load_workbook reader = ExcelReader(filename, read_only, keep_vba, ^^^^^^^^^^^^^^^^^^^^^^^^^^^^^^^^^^^^^^^^^^ File "/home/runner/workspace/.pythonlibs/lib/python3.11/site-packages/openpyxl/reader/excel.py", line 123, in __init__ self.archive = _validate_archive(fn) ^^^^^^^^^^^^^^^^^^^^^ File "/home/runner/workspace/.pythonlibs/lib/python3.11/site-packages/openpyxl/reader/excel.py", line 95, in _validate_archive archive = ZipFile(filename, 'r') ^^^^^^^^^^^^^^^^^^^^^^ File "/nix/store/7d088dip86hlzri9sk0h78b63yfmx0a0-python3-3.11.13/lib/python3.11/zipfile.py", line 1313, in __init__ self._RealGetContents() File "/nix/store/7d088dip86hlzri9sk0h78b63yfmx0a0-python3-3.11.13/lib/python3.11/zipfile.py", line 1380, in _RealGetContents raise BadZipFile("File is not a zip file") zipfile.BadZipFile: File is not a zip file During handling of the above exception, another exception occurred: Traceback (most recent call last): File "/home/runner/workspace/server/ml-service.py", line 255, in main df = download_excel_data(excel_url) ^^^^^^^^^^^^^^^^^^^^^^^^^^^^^^ File "/home/runner/workspace/server/ml-service.py", line 34, in download_excel_data raise Exception(f"Failed to download Excel data: {str(e)}") Exception: Failed to download Excel data: File is not a zip file