Python process failed: Using custom weights: {'riskLateDaysWeight': 25, 'riskOutstandingAtRiskWeight': 10, 'riskParPerLoanWeight': 10, 'riskReschedulesWeight': 20, 'riskPaymentConsistencyWeight': 20, 'riskDelayedInstalmentsWeight': 15, 'urgencyRiskScoreWeight': 20, 'urgencyDaysSinceVisitWeight': 50, 'urgencyFeedbackScoreWeight': 30} Processing Excel data from: uploads/d177ba146baebec85a1b9257c512548d... Original URL: uploads/d177ba146baebec85a1b9257c512548d... Converted URL: uploads/d177ba146baebec85a1b9257c512548d... Error occurred: Network error downloading file: Invalid URL 'uploads/d177ba146baebec85a1b9257c512548d': No scheme supplied. Perhaps you meant https://uploads/d177ba146baebec85a1b9257c512548d? Traceback: Traceback (most recent call last): File "/home/runner/workspace/server/ml-service.py", line 131, in download_excel_data response = requests.get(converted_url, headers=headers, timeout=30, allow_redirects=True) ^^^^^^^^^^^^^^^^^^^^^^^^^^^^^^^^^^^^^^^^^^^^^^^^^^^^^^^^^^^^^^^^^^^^^^^^^^^^^^ File "/home/runner/workspace/.pythonlibs/lib/python3.11/site-packages/requests/api.py", line 73, in get return request("get", url, params=params, **kwargs) ^^^^^^^^^^^^^^^^^^^^^^^^^^^^^^^^^^^^^^^^^^^^ File "/home/runner/workspace/.pythonlibs/lib/python3.11/site-packages/requests/api.py", line 59, in request return session.request(method=method, url=url, **kwargs) ^^^^^^^^^^^^^^^^^^^^^^^^^^^^^^^^^^^^^^^^^^^^^^^^^ File "/home/runner/workspace/.pythonlibs/lib/python3.11/site-packages/requests/sessions.py", line 575, in request prep = self.prepare_request(req) ^^^^^^^^^^^^^^^^^^^^^^^^^ File "/home/runner/workspace/.pythonlibs/lib/python3.11/site-packages/requests/sessions.py", line 484, in prepare_request p.prepare( File "/home/runner/workspace/.pythonlibs/lib/python3.11/site-packages/requests/models.py", line 367, in prepare self.prepare_url(url, params) File "/home/runner/workspace/.pythonlibs/lib/python3.11/site-packages/requests/models.py", line 438, in prepare_url raise MissingSchema( requests.exceptions.MissingSchema: Invalid URL 'uploads/d177ba146baebec85a1b9257c512548d': No scheme supplied. Perhaps you meant https://uploads/d177ba146baebec85a1b9257c512548d? During handling of the above exception, another exception occurred: Traceback (most recent call last): File "/home/runner/workspace/server/ml-service.py", line 557, in main df = download_excel_data(excel_url) ^^^^^^^^^^^^^^^^^^^^^^^^^^^^^^ File "/home/runner/workspace/server/ml-service.py", line 201, in download_excel_data raise Exception(f"Network error downloading file: {str(e)}") Exception: Network error downloading file: Invalid URL 'uploads/d177ba146baebec85a1b9257c512548d': No scheme supplied. Perhaps you meant https://uploads/d177ba146baebec85a1b9257c512548d?